<?xml version="1.0" encoding="UTF-8"?>
<testng-results ignored="0" total="1" passed="1" failed="0" skipped="0">
  <reporter-output>
  </reporter-output>
  <suite started-at="2024-04-18T18:06:43 IST" name="Default suite" finished-at="2024-04-18T18:06:43 IST" duration-ms="45">
    <groups>
    </groups>
    <test started-at="2024-04-18T18:06:43 IST" name="Default test" finished-at="2024-04-18T18:06:43 IST" duration-ms="45">
      <class name="JavaStreams.Stream2">
        <test-method signature="streamnew()[pri:0, instance:JavaStreams.Stream2@a38c7fe]" started-at="2024-04-18T18:06:43 IST" name="streamnew" finished-at="2024-04-18T18:06:43 IST" duration-ms="13" status="PASS">
          <reporter-output>
          </reporter-output>
        </test-method> <!-- streamnew -->
      </class> <!-- JavaStreams.Stream2 -->
    </test> <!-- Default test -->
  </suite> <!-- Default suite -->
</testng-results>
